# JRE version: Java(TM) SE Runtime Environment (17.0.6+9) (build 17.0.6+9-LTS-190)
# Java VM: Java HotSpot(TM) 64-Bit Server VM (17.0.6+9-LTS-190, mixed mode, sharing, tiered, compressed oops, compressed class ptrs, g1 gc, windows-amd64)
GC Precious Log:
 CPUs: 4 total, 4 available
 Memory: 3968M
 Large Page Support: Disabled
 NUMA Support: Disabled
 Compressed Oops: Enabled (32-bit)
 Heap Region Size: 1M
 Heap Min Capacity: 8M
 Heap Initial Capacity: 64M
 Heap Max Capacity: 994M
 Pre-touch: Disabled
 Parallel Workers: 4
 Concurrent Workers: 1
 Concurrent Refinement Workers: 4
 Periodic GC: Disabled
Heap:
 garbage-first heap   total 40960K, used 26838K [0x00000000c1e00000, 0x0000000100000000)
  region size 1024K, 22 young (22528K), 5 survivors (5120K)
 Metaspace       used 24755K, committed 25216K, reserved 1073152K
  class space    used 3099K, committed 3328K, reserved 1048576K
GC Heap History (8 events):
Event: 8.595 GC heap before
{Heap before GC invocations=0 (full 0):
 garbage-first heap   total 65536K, used 12288K [0x00000000c1e00000, 0x0000000100000000)
  region size 1024K, 13 young (13312K), 0 survivors (0K)
 Metaspace       used 5301K, committed 5440K, reserved 1056768K
  class space    used 571K, committed 640K, reserved 1048576K
}
Event: 8.751 GC heap after
{Heap after GC invocations=1 (full 0):
 garbage-first heap   total 65536K, used 4735K [0x00000000c1e00000, 0x0000000100000000)
  region size 1024K, 2 young (2048K), 2 survivors (2048K)
 Metaspace       used 5301K, committed 5440K, reserved 1056768K
  class space    used 571K, committed 640K, reserved 1048576K
}
Event: 11.762 GC heap before
{Heap before GC invocations=1 (full 0):
 garbage-first heap   total 65536K, used 13951K [0x00000000c1e00000, 0x0000000100000000)
  region size 1024K, 12 young (12288K), 2 survivors (2048K)
 Metaspace       used 7764K, committed 8064K, reserved 1056768K
  class space    used 888K, committed 1024K, reserved 1048576K
}
Event: 11.774 GC heap after
{Heap after GC invocations=2 (full 0):
 garbage-first heap   total 65536K, used 5804K [0x00000000c1e00000, 0x0000000100000000)
  region size 1024K, 1 young (1024K), 1 survivors (1024K)
 Metaspace       used 7764K, committed 8064K, reserved 1056768K
  class space    used 888K, committed 1024K, reserved 1048576K
}
Event: 16.852 GC heap before
{Heap before GC invocations=2 (full 0):
 garbage-first heap   total 65536K, used 27308K [0x00000000c1e00000, 0x0000000100000000)
  region size 1024K, 23 young (23552K), 1 survivors (1024K)
 Metaspace       used 12870K, committed 13120K, reserved 1064960K
  class space    used 1500K, committed 1600K, reserved 1048576K
}
Event: 16.869 GC heap after
{Heap after GC invocations=3 (full 0):
 garbage-first heap   total 65536K, used 7603K [0x00000000c1e00000, 0x0000000100000000)
  region size 1024K, 3 young (3072K), 3 survivors (3072K)
 Metaspace       used 12870K, committed 13120K, reserved 1064960K
  class space    used 1500K, committed 1600K, reserved 1048576K
}
Event: 27.086 GC heap before
{Heap before GC invocations=3 (full 0):
 garbage-first heap   total 65536K, used 34227K [0x00000000c1e00000, 0x0000000100000000)
  region size 1024K, 30 young (30720K), 3 survivors (3072K)
 Metaspace       used 21169K, committed 21504K, reserved 1073152K
  class space    used 2619K, committed 2816K, reserved 1048576K
}
Event: 27.125 GC heap after
{Heap after GC invocations=4 (full 0):
 garbage-first heap   total 65536K, used 10454K [0x00000000c1e00000, 0x0000000100000000)
  region size 1024K, 5 young (5120K), 5 survivors (5120K)
 Metaspace       used 21169K, committed 21504K, reserved 1073152K
  class space    used 2619K, committed 2816K, reserved 1048576K
}

